<?xml version="1.0" encoding="UTF-8"?>
<!-- Generated by org.testng.reporters.JUnitXMLReporter -->
<testsuite ignored="0" hostname="DESKTOP-DCJJA81" failures="0" tests="8" name="ChromeTest" time="65.439" errors="0" timestamp="2023-03-04T09:18:08 IST">
  <testcase classname="assignmentsCrossBrowser.Weborder_Login_CreateOrder_CrossBrowser_MultiDataValidation" name="login" time="2.189"/>
  <testcase classname="assignmentsCrossBrowser.Weborder_Login_CreateOrder_CrossBrowser_MultiDataValidation" name="createOrder_VerifyOrder" time="8.31"/>
  <testcase classname="assignmentsCrossBrowser.Weborder_Login_CreateOrder_CrossBrowser_MultiDataValidation" name="createOrder_VerifyOrder" time="7.828"/>
  <testcase classname="assignmentsCrossBrowser.Weborder_Login_CreateOrder_CrossBrowser_MultiDataValidation" name="createOrder_VerifyOrder" time="7.561"/>
  <testcase classname="assignmentsCrossBrowser.Weborder_Login_CreateOrder_CrossBrowser_MultiDataValidation" name="createOrder_VerifyOrder" time="7.15"/>
  <testcase classname="assignmentsCrossBrowser.Weborder_Login_CreateOrder_CrossBrowser_MultiDataValidation" name="createOrder_VerifyOrder" time="7.234"/>
  <testcase classname="assignmentsCrossBrowser.Weborder_Login_CreateOrder_CrossBrowser_MultiDataValidation" name="createOrder_VerifyOrder" time="7.044"/>
  <testcase classname="assignmentsCrossBrowser.Weborder_Login_CreateOrder_CrossBrowser_MultiDataValidation" name="createOrder_VerifyOrder" time="7.112"/>
</testsuite> <!-- ChromeTest -->
