<?xml version="1.0" encoding="UTF-8"?>
<!-- Generated by org.testng.reporters.JUnitXMLReporter -->
<testsuite ignored="0" hostname="DESKTOP-DCJJA81" failures="0" tests="8" name="EdgeTest" time="57.855" errors="0" timestamp="2023-03-04T09:20:05 IST">
  <testcase classname="assignmentsCrossBrowser.Weborder_Login_CreateOrder_CrossBrowser_MultiDataValidation" name="login" time="2.434"/>
  <testcase classname="assignmentsCrossBrowser.Weborder_Login_CreateOrder_CrossBrowser_MultiDataValidation" name="createOrder_VerifyOrder" time="8.366"/>
  <testcase classname="assignmentsCrossBrowser.Weborder_Login_CreateOrder_CrossBrowser_MultiDataValidation" name="createOrder_VerifyOrder" time="7.411"/>
  <testcase classname="assignmentsCrossBrowser.Weborder_Login_CreateOrder_CrossBrowser_MultiDataValidation" name="createOrder_VerifyOrder" time="7.008"/>
  <testcase classname="assignmentsCrossBrowser.Weborder_Login_CreateOrder_CrossBrowser_MultiDataValidation" name="createOrder_VerifyOrder" time="7.004"/>
  <testcase classname="assignmentsCrossBrowser.Weborder_Login_CreateOrder_CrossBrowser_MultiDataValidation" name="createOrder_VerifyOrder" time="7.042"/>
  <testcase classname="assignmentsCrossBrowser.Weborder_Login_CreateOrder_CrossBrowser_MultiDataValidation" name="createOrder_VerifyOrder" time="7.022"/>
  <testcase classname="assignmentsCrossBrowser.Weborder_Login_CreateOrder_CrossBrowser_MultiDataValidation" name="createOrder_VerifyOrder" time="7.074"/>
</testsuite> <!-- EdgeTest -->
