<?xml version="1.0" encoding="UTF-8"?>
<!-- Generated by org.testng.reporters.JUnitXMLReporter -->
<testsuite ignored="0" hostname="DESKTOP-DCJJA81" failures="0" tests="8" name="FirefoxTest" time="59.715" errors="0" timestamp="2023-03-04T09:19:08 IST">
  <testcase classname="assignmentsCrossBrowser.Weborder_Login_CreateOrder_CrossBrowser_MultiDataValidation" name="login" time="2.112"/>
  <testcase classname="assignmentsCrossBrowser.Weborder_Login_CreateOrder_CrossBrowser_MultiDataValidation" name="createOrder_VerifyOrder" time="7.572"/>
  <testcase classname="assignmentsCrossBrowser.Weborder_Login_CreateOrder_CrossBrowser_MultiDataValidation" name="createOrder_VerifyOrder" time="7.176"/>
  <testcase classname="assignmentsCrossBrowser.Weborder_Login_CreateOrder_CrossBrowser_MultiDataValidation" name="createOrder_VerifyOrder" time="7.189"/>
  <testcase classname="assignmentsCrossBrowser.Weborder_Login_CreateOrder_CrossBrowser_MultiDataValidation" name="createOrder_VerifyOrder" time="7.156"/>
  <testcase classname="assignmentsCrossBrowser.Weborder_Login_CreateOrder_CrossBrowser_MultiDataValidation" name="createOrder_VerifyOrder" time="7.146"/>
  <testcase classname="assignmentsCrossBrowser.Weborder_Login_CreateOrder_CrossBrowser_MultiDataValidation" name="createOrder_VerifyOrder" time="7.397"/>
  <testcase classname="assignmentsCrossBrowser.Weborder_Login_CreateOrder_CrossBrowser_MultiDataValidation" name="createOrder_VerifyOrder" time="7.128"/>
</testsuite> <!-- FirefoxTest -->
